<?xml version="1.0" encoding="UTF-8" ?>
<testsuite failures="18" time="0.012" errors="0" skipped="9" tests="57" name="calc.web.sample.cucumber.RunTest">
  <properties>
    <property name="java.runtime.name" value="OpenJDK Runtime Environment"/>
    <property name="sun.boot.library.path" value="/usr/lib/jvm/java-6-openjdk-i386/jre/lib/i386"/>
    <property name="java.vm.version" value="20.0-b12"/>
    <property name="java.vm.vendor" value="Sun Microsystems Inc."/>
    <property name="java.vendor.url" value="http://java.sun.com/"/>
    <property name="path.separator" value=":"/>
    <property name="guice.disable.misplaced.annotation.check" value="true"/>
    <property name="java.vm.name" value="OpenJDK Client VM"/>
    <property name="file.encoding.pkg" value="sun.io"/>
    <property name="user.country" value="US"/>
    <property name="sun.java.launcher" value="SUN_STANDARD"/>
    <property name="sun.os.patch.level" value="unknown"/>
    <property name="java.vm.specification.name" value="Java Virtual Machine Specification"/>
    <property name="user.dir" value="/home/neopragma/projects/rpncalculator-cucumber"/>
    <property name="java.runtime.version" value="1.6.0_27-b27"/>
    <property name="java.awt.graphicsenv" value="sun.awt.X11GraphicsEnvironment"/>
    <property name="java.endorsed.dirs" value="/usr/lib/jvm/java-6-openjdk-i386/jre/lib/endorsed"/>
    <property name="os.arch" value="i386"/>
    <property name="java.io.tmpdir" value="/tmp"/>
    <property name="line.separator" value="
"/>
    <property name="java.vm.specification.vendor" value="Sun Microsystems Inc."/>
    <property name="os.name" value="Linux"/>
    <property name="classworlds.conf" value="/usr/share/maven/bin/m2.conf"/>
    <property name="sun.jnu.encoding" value="UTF-8"/>
    <property name="java.library.path" value="/usr/lib/jvm/java-6-openjdk-i386/jre/lib/i386/client:/usr/lib/jvm/java-6-openjdk-i386/jre/lib/i386:/usr/lib/jvm/java-6-openjdk-i386/jre/../lib/i386:/usr/java/packages/lib/i386:/usr/lib/i386-linux-gnu/jni:/lib/i386-linux-gnu:/usr/lib/i386-linux-gnu:/usr/lib/jni:/lib:/usr/lib"/>
    <property name="java.specification.name" value="Java Platform API Specification"/>
    <property name="java.class.version" value="50.0"/>
    <property name="sun.management.compiler" value="HotSpot Client Compiler"/>
    <property name="os.version" value="3.2.0-39-generic-pae"/>
    <property name="user.home" value="/home/neopragma"/>
    <property name="user.timezone" value="America/Los_Angeles"/>
    <property name="java.awt.printerjob" value="sun.print.PSPrinterJob"/>
    <property name="file.encoding" value="UTF-8"/>
    <property name="java.specification.version" value="1.6"/>
    <property name="user.name" value="neopragma"/>
    <property name="java.class.path" value="/usr/share/maven/boot/plexus-classworlds-2.x.jar"/>
    <property name="java.vm.specification.version" value="1.0"/>
    <property name="sun.arch.data.model" value="32"/>
    <property name="java.home" value="/usr/lib/jvm/java-6-openjdk-i386/jre"/>
    <property name="sun.java.command" value="org.codehaus.plexus.classworlds.launcher.Launcher clean test"/>
    <property name="java.specification.vendor" value="Sun Microsystems Inc."/>
    <property name="user.language" value="en"/>
    <property name="java.vm.info" value="mixed mode, sharing"/>
    <property name="java.version" value="1.6.0_27"/>
    <property name="java.ext.dirs" value="/usr/lib/jvm/java-6-openjdk-i386/jre/lib/ext:/usr/java/packages/lib/ext"/>
    <property name="securerandom.source" value="file:/dev/./urandom"/>
    <property name="sun.boot.class.path" value="/usr/lib/jvm/java-6-openjdk-i386/jre/lib/resources.jar:/usr/lib/jvm/java-6-openjdk-i386/jre/lib/rt.jar:/usr/lib/jvm/java-6-openjdk-i386/jre/lib/sunrsasign.jar:/usr/lib/jvm/java-6-openjdk-i386/jre/lib/jsse.jar:/usr/lib/jvm/java-6-openjdk-i386/jre/lib/jce.jar:/usr/lib/jvm/java-6-openjdk-i386/jre/lib/charsets.jar:/usr/lib/jvm/java-6-openjdk-i386/jre/lib/netx.jar:/usr/lib/jvm/java-6-openjdk-i386/jre/lib/plugin.jar:/usr/lib/jvm/java-6-openjdk-i386/jre/lib/rhino.jar:/usr/lib/jvm/java-6-openjdk-i386/jre/lib/modules/jdk.boot.jar:/usr/lib/jvm/java-6-openjdk-i386/jre/classes"/>
    <property name="java.vendor" value="Sun Microsystems Inc."/>
    <property name="maven.home" value="/usr/share/maven"/>
    <property name="file.separator" value="/"/>
    <property name="java.vendor.url.bug" value="http://java.sun.com/cgi-bin/bugreport.cgi"/>
    <property name="sun.cpu.endian" value="little"/>
    <property name="sun.io.unicode.encoding" value="UnicodeLittle"/>
    <property name="sun.desktop" value="gnome"/>
    <property name="sun.cpu.isalist" value=""/>
  </properties>
  <testcase time="0.001" classname="Scenario: The welcome message is displayed" name="Given I am on the RPN Calculator page"/>
  <testcase time="0" classname="Scenario: The welcome message is displayed" name="Then the welcome message reads \&quot;Welcome to the Java RPN calculator\&quot;"/>
  <testcase time="0" classname="Scenario: The welcome message is displayed" name="Scenario: The welcome message is displayed"/>
  <testcase time="0" classname="Scenario: Adding two integers" name="Given I enter \&quot;5 3 +\&quot;"/>
  <testcase time="0" classname="Scenario: Adding two integers" name="When I get the result"/>
  <testcase time="0.003" classname="Scenario: Adding two integers" name="Then the calculator returns \&quot;8\&quot;">
    <failure message="expected:&lt;[8]&gt; but was:&lt;[call the rpncalculator here]&gt;" type="org.junit.ComparisonFailure">org.junit.ComparisonFailure: expected:&lt;[8]&gt; but was:&lt;[call the rpncalculator here]&gt;
	at org.junit.Assert.assertEquals(Assert.java:115)
	at org.junit.Assert.assertEquals(Assert.java:144)
	at calc.web.sample.cucumber.RpnCalculatorStepdefs.assert_returned_value(RpnCalculatorStepdefs.java:52)
	at ✽.Then the calculator returns &quot;8&quot;(calc/web/sample/cucumber/rpncalculator.feature:12)
</failure>
  </testcase>
  <testcase time="0.003" classname="Scenario: Adding two integers" name="Scenario: Adding two integers">
    <failure message="expected:&lt;[8]&gt; but was:&lt;[call the rpncalculator here]&gt;" type="org.junit.ComparisonFailure">org.junit.ComparisonFailure: expected:&lt;[8]&gt; but was:&lt;[call the rpncalculator here]&gt;
	at org.junit.Assert.assertEquals(Assert.java:115)
	at org.junit.Assert.assertEquals(Assert.java:144)
	at calc.web.sample.cucumber.RpnCalculatorStepdefs.assert_returned_value(RpnCalculatorStepdefs.java:52)
	at ✽.Then the calculator returns &quot;8&quot;(calc/web/sample/cucumber/rpncalculator.feature:12)
</failure>
  </testcase>
  <testcase time="0" classname="Scenario: Subtracting two integers" name="Given I enter \&quot;5 3 -\&quot;"/>
  <testcase time="0" classname="Scenario: Subtracting two integers" name="When I get the result"/>
  <testcase time="0" classname="Scenario: Subtracting two integers" name="Then the calculator returns \&quot;2\&quot;">
    <failure message="expected:&lt;[2]&gt; but was:&lt;[call the rpncalculator here]&gt;" type="org.junit.ComparisonFailure">org.junit.ComparisonFailure: expected:&lt;[2]&gt; but was:&lt;[call the rpncalculator here]&gt;
	at org.junit.Assert.assertEquals(Assert.java:115)
	at org.junit.Assert.assertEquals(Assert.java:144)
	at calc.web.sample.cucumber.RpnCalculatorStepdefs.assert_returned_value(RpnCalculatorStepdefs.java:52)
	at ✽.Then the calculator returns &quot;2&quot;(calc/web/sample/cucumber/rpncalculator.feature:18)
</failure>
  </testcase>
  <testcase time="0" classname="Scenario: Subtracting two integers" name="Scenario: Subtracting two integers">
    <failure message="expected:&lt;[2]&gt; but was:&lt;[call the rpncalculator here]&gt;" type="org.junit.ComparisonFailure">org.junit.ComparisonFailure: expected:&lt;[2]&gt; but was:&lt;[call the rpncalculator here]&gt;
	at org.junit.Assert.assertEquals(Assert.java:115)
	at org.junit.Assert.assertEquals(Assert.java:144)
	at calc.web.sample.cucumber.RpnCalculatorStepdefs.assert_returned_value(RpnCalculatorStepdefs.java:52)
	at ✽.Then the calculator returns &quot;2&quot;(calc/web/sample/cucumber/rpncalculator.feature:18)
</failure>
  </testcase>
  <testcase time="0" classname="Scenario: Multiplying two integers" name="Given I enter \&quot;5 3 *\&quot;"/>
  <testcase time="0" classname="Scenario: Multiplying two integers" name="When I get the result"/>
  <testcase time="0" classname="Scenario: Multiplying two integers" name="Then the calculator returns \&quot;15\&quot;">
    <failure message="expected:&lt;[15]&gt; but was:&lt;[call the rpncalculator here]&gt;" type="org.junit.ComparisonFailure">org.junit.ComparisonFailure: expected:&lt;[15]&gt; but was:&lt;[call the rpncalculator here]&gt;
	at org.junit.Assert.assertEquals(Assert.java:115)
	at org.junit.Assert.assertEquals(Assert.java:144)
	at calc.web.sample.cucumber.RpnCalculatorStepdefs.assert_returned_value(RpnCalculatorStepdefs.java:52)
	at ✽.Then the calculator returns &quot;15&quot;(calc/web/sample/cucumber/rpncalculator.feature:23)
</failure>
  </testcase>
  <testcase time="0" classname="Scenario: Multiplying two integers" name="Scenario: Multiplying two integers">
    <failure message="expected:&lt;[15]&gt; but was:&lt;[call the rpncalculator here]&gt;" type="org.junit.ComparisonFailure">org.junit.ComparisonFailure: expected:&lt;[15]&gt; but was:&lt;[call the rpncalculator here]&gt;
	at org.junit.Assert.assertEquals(Assert.java:115)
	at org.junit.Assert.assertEquals(Assert.java:144)
	at calc.web.sample.cucumber.RpnCalculatorStepdefs.assert_returned_value(RpnCalculatorStepdefs.java:52)
	at ✽.Then the calculator returns &quot;15&quot;(calc/web/sample/cucumber/rpncalculator.feature:23)
</failure>
  </testcase>
  <testcase time="0" classname="Scenario: Dividing two integers" name="Given I enter \&quot;54 13 \/\&quot;"/>
  <testcase time="0" classname="Scenario: Dividing two integers" name="When I get the result"/>
  <testcase time="0" classname="Scenario: Dividing two integers" name="Then the calculator returns \&quot;4\&quot; plus or minus \&quot;0.5\&quot;">
    <skipped/>
  </testcase>
  <testcase time="0" classname="Scenario: Dividing two integers" name="Scenario: Dividing two integers">
    <skipped/>
  </testcase>
  <testcase time="0" classname="Scenario: Dividing two integers" name="Scenario: Dividing two integers"/>
  <testcase time="0" classname="Scenario: Modulus" name="Given I enter \&quot;54 13 %\&quot;"/>
  <testcase time="0" classname="Scenario: Modulus" name="When I get the result"/>
  <testcase time="0" classname="Scenario: Modulus" name="Then the calculator returns \&quot;2\&quot;">
    <failure message="expected:&lt;[2]&gt; but was:&lt;[call the rpncalculator here]&gt;" type="org.junit.ComparisonFailure">org.junit.ComparisonFailure: expected:&lt;[2]&gt; but was:&lt;[call the rpncalculator here]&gt;
	at org.junit.Assert.assertEquals(Assert.java:115)
	at org.junit.Assert.assertEquals(Assert.java:144)
	at calc.web.sample.cucumber.RpnCalculatorStepdefs.assert_returned_value(RpnCalculatorStepdefs.java:52)
	at ✽.Then the calculator returns &quot;2&quot;(calc/web/sample/cucumber/rpncalculator.feature:33)
</failure>
  </testcase>
  <testcase time="0" classname="Scenario: Modulus" name="Scenario: Modulus">
    <failure message="expected:&lt;[2]&gt; but was:&lt;[call the rpncalculator here]&gt;" type="org.junit.ComparisonFailure">org.junit.ComparisonFailure: expected:&lt;[2]&gt; but was:&lt;[call the rpncalculator here]&gt;
	at org.junit.Assert.assertEquals(Assert.java:115)
	at org.junit.Assert.assertEquals(Assert.java:144)
	at calc.web.sample.cucumber.RpnCalculatorStepdefs.assert_returned_value(RpnCalculatorStepdefs.java:52)
	at ✽.Then the calculator returns &quot;2&quot;(calc/web/sample/cucumber/rpncalculator.feature:33)
</failure>
  </testcase>
  <testcase time="0" classname="Scenario: Exponentiation" name="Given I enter \&quot;4 3 ^\&quot;"/>
  <testcase time="0" classname="Scenario: Exponentiation" name="When I get the result"/>
  <testcase time="0" classname="Scenario: Exponentiation" name="Then the calculator returns \&quot;64\&quot;">
    <failure message="expected:&lt;[64]&gt; but was:&lt;[call the rpncalculator here]&gt;" type="org.junit.ComparisonFailure">org.junit.ComparisonFailure: expected:&lt;[64]&gt; but was:&lt;[call the rpncalculator here]&gt;
	at org.junit.Assert.assertEquals(Assert.java:115)
	at org.junit.Assert.assertEquals(Assert.java:144)
	at calc.web.sample.cucumber.RpnCalculatorStepdefs.assert_returned_value(RpnCalculatorStepdefs.java:52)
	at ✽.Then the calculator returns &quot;64&quot;(calc/web/sample/cucumber/rpncalculator.feature:38)
</failure>
  </testcase>
  <testcase time="0" classname="Scenario: Exponentiation" name="Scenario: Exponentiation">
    <failure message="expected:&lt;[64]&gt; but was:&lt;[call the rpncalculator here]&gt;" type="org.junit.ComparisonFailure">org.junit.ComparisonFailure: expected:&lt;[64]&gt; but was:&lt;[call the rpncalculator here]&gt;
	at org.junit.Assert.assertEquals(Assert.java:115)
	at org.junit.Assert.assertEquals(Assert.java:144)
	at calc.web.sample.cucumber.RpnCalculatorStepdefs.assert_returned_value(RpnCalculatorStepdefs.java:52)
	at ✽.Then the calculator returns &quot;64&quot;(calc/web/sample/cucumber/rpncalculator.feature:38)
</failure>
  </testcase>
  <testcase time="0" classname="Scenario: Adding two real numbers" name="Given I enter \&quot;5.3 3.6 +\&quot;"/>
  <testcase time="0" classname="Scenario: Adding two real numbers" name="When I get the result"/>
  <testcase time="0" classname="Scenario: Adding two real numbers" name="Then the calculator returns \&quot;8.9\&quot;">
    <failure message="expected:&lt;[8.9]&gt; but was:&lt;[call the rpncalculator here]&gt;" type="org.junit.ComparisonFailure">org.junit.ComparisonFailure: expected:&lt;[8.9]&gt; but was:&lt;[call the rpncalculator here]&gt;
	at org.junit.Assert.assertEquals(Assert.java:115)
	at org.junit.Assert.assertEquals(Assert.java:144)
	at calc.web.sample.cucumber.RpnCalculatorStepdefs.assert_returned_value(RpnCalculatorStepdefs.java:52)
	at ✽.Then the calculator returns &quot;8.9&quot;(calc/web/sample/cucumber/rpncalculator.feature:43)
</failure>
  </testcase>
  <testcase time="0" classname="Scenario: Adding two real numbers" name="Scenario: Adding two real numbers">
    <failure message="expected:&lt;[8.9]&gt; but was:&lt;[call the rpncalculator here]&gt;" type="org.junit.ComparisonFailure">org.junit.ComparisonFailure: expected:&lt;[8.9]&gt; but was:&lt;[call the rpncalculator here]&gt;
	at org.junit.Assert.assertEquals(Assert.java:115)
	at org.junit.Assert.assertEquals(Assert.java:144)
	at calc.web.sample.cucumber.RpnCalculatorStepdefs.assert_returned_value(RpnCalculatorStepdefs.java:52)
	at ✽.Then the calculator returns &quot;8.9&quot;(calc/web/sample/cucumber/rpncalculator.feature:43)
</failure>
  </testcase>
  <testcase time="0" classname="Scenario: Subtracting two real numbers" name="Given I enter \&quot;5.3 3.6 -\&quot;"/>
  <testcase time="0" classname="Scenario: Subtracting two real numbers" name="When I get the result"/>
  <testcase time="0" classname="Scenario: Subtracting two real numbers" name="Then the calculator returns \&quot;1.7\&quot;">
    <failure message="expected:&lt;[1.7]&gt; but was:&lt;[call the rpncalculator here]&gt;" type="org.junit.ComparisonFailure">org.junit.ComparisonFailure: expected:&lt;[1.7]&gt; but was:&lt;[call the rpncalculator here]&gt;
	at org.junit.Assert.assertEquals(Assert.java:115)
	at org.junit.Assert.assertEquals(Assert.java:144)
	at calc.web.sample.cucumber.RpnCalculatorStepdefs.assert_returned_value(RpnCalculatorStepdefs.java:52)
	at ✽.Then the calculator returns &quot;1.7&quot;(calc/web/sample/cucumber/rpncalculator.feature:48)
</failure>
  </testcase>
  <testcase time="0.001" classname="Scenario: Subtracting two real numbers" name="Scenario: Subtracting two real numbers">
    <failure message="expected:&lt;[1.7]&gt; but was:&lt;[call the rpncalculator here]&gt;" type="org.junit.ComparisonFailure">org.junit.ComparisonFailure: expected:&lt;[1.7]&gt; but was:&lt;[call the rpncalculator here]&gt;
	at org.junit.Assert.assertEquals(Assert.java:115)
	at org.junit.Assert.assertEquals(Assert.java:144)
	at calc.web.sample.cucumber.RpnCalculatorStepdefs.assert_returned_value(RpnCalculatorStepdefs.java:52)
	at ✽.Then the calculator returns &quot;1.7&quot;(calc/web/sample/cucumber/rpncalculator.feature:48)
</failure>
  </testcase>
  <testcase time="0" classname="Scenario: Multiplying two real numbers" name="Given I enter \&quot;5.3 3.6 *\&quot;"/>
  <testcase time="0" classname="Scenario: Multiplying two real numbers" name="When I get the result"/>
  <testcase time="0" classname="Scenario: Multiplying two real numbers" name="Then the calculator returns \&quot;19.08\&quot;">
    <failure message="expected:&lt;[19.08]&gt; but was:&lt;[call the rpncalculator here]&gt;" type="org.junit.ComparisonFailure">org.junit.ComparisonFailure: expected:&lt;[19.08]&gt; but was:&lt;[call the rpncalculator here]&gt;
	at org.junit.Assert.assertEquals(Assert.java:115)
	at org.junit.Assert.assertEquals(Assert.java:144)
	at calc.web.sample.cucumber.RpnCalculatorStepdefs.assert_returned_value(RpnCalculatorStepdefs.java:52)
	at ✽.Then the calculator returns &quot;19.08&quot;(calc/web/sample/cucumber/rpncalculator.feature:53)
</failure>
  </testcase>
  <testcase time="0" classname="Scenario: Multiplying two real numbers" name="Scenario: Multiplying two real numbers">
    <failure message="expected:&lt;[19.08]&gt; but was:&lt;[call the rpncalculator here]&gt;" type="org.junit.ComparisonFailure">org.junit.ComparisonFailure: expected:&lt;[19.08]&gt; but was:&lt;[call the rpncalculator here]&gt;
	at org.junit.Assert.assertEquals(Assert.java:115)
	at org.junit.Assert.assertEquals(Assert.java:144)
	at calc.web.sample.cucumber.RpnCalculatorStepdefs.assert_returned_value(RpnCalculatorStepdefs.java:52)
	at ✽.Then the calculator returns &quot;19.08&quot;(calc/web/sample/cucumber/rpncalculator.feature:53)
</failure>
  </testcase>
  <testcase time="0" classname="Scenario: Dividing two real numbers" name="Given I enter \&quot;54.75 13.6 \/\&quot;"/>
  <testcase time="0" classname="Scenario: Dividing two real numbers" name="When I get the result"/>
  <testcase time="0" classname="Scenario: Dividing two real numbers" name="Then the calculator returns \&quot;4.0257\&quot; plus or minus \&quot;0.0005\&quot;">
    <skipped/>
  </testcase>
  <testcase time="0" classname="Scenario: Dividing two real numbers" name="Scenario: Dividing two real numbers">
    <skipped/>
  </testcase>
  <testcase time="0" classname="Scenario: Dividing two real numbers" name="Scenario: Dividing two real numbers"/>
  <testcase time="0" classname="Scenario: Exponentiation - real number" name="Given I enter \&quot;5.5 3 ^\&quot;"/>
  <testcase time="0" classname="Scenario: Exponentiation - real number" name="When I get the result"/>
  <testcase time="0" classname="Scenario: Exponentiation - real number" name="Then the calculator returns \&quot;166.375\&quot; plus or minus \&quot;0.0005\&quot;">
    <skipped/>
  </testcase>
  <testcase time="0" classname="Scenario: Exponentiation - real number" name="Scenario: Exponentiation - real number">
    <skipped/>
  </testcase>
  <testcase time="0" classname="Scenario: Exponentiation - real number" name="Scenario: Exponentiation - real number"/>
  <testcase time="0" classname="Scenario: Clearing memory" name="Given I enter \&quot;2\&quot;"/>
  <testcase time="0" classname="Scenario: Clearing memory" name="When I get the result"/>
  <testcase time="0" classname="Scenario: Clearing memory" name="Then the calculator returns \&quot;2\&quot;">
    <failure message="expected:&lt;[2]&gt; but was:&lt;[call the rpncalculator here]&gt;" type="org.junit.ComparisonFailure">org.junit.ComparisonFailure: expected:&lt;[2]&gt; but was:&lt;[call the rpncalculator here]&gt;
	at org.junit.Assert.assertEquals(Assert.java:115)
	at org.junit.Assert.assertEquals(Assert.java:144)
	at calc.web.sample.cucumber.RpnCalculatorStepdefs.assert_returned_value(RpnCalculatorStepdefs.java:52)
	at ✽.Then the calculator returns &quot;2&quot;(calc/web/sample/cucumber/rpncalculator.feature:68)
</failure>
  </testcase>
  <testcase time="0" classname="Scenario: Clearing memory" name="Scenario: Clearing memory">
    <failure message="expected:&lt;[2]&gt; but was:&lt;[call the rpncalculator here]&gt;" type="org.junit.ComparisonFailure">org.junit.ComparisonFailure: expected:&lt;[2]&gt; but was:&lt;[call the rpncalculator here]&gt;
	at org.junit.Assert.assertEquals(Assert.java:115)
	at org.junit.Assert.assertEquals(Assert.java:144)
	at calc.web.sample.cucumber.RpnCalculatorStepdefs.assert_returned_value(RpnCalculatorStepdefs.java:52)
	at ✽.Then the calculator returns &quot;2&quot;(calc/web/sample/cucumber/rpncalculator.feature:68)
</failure>
  </testcase>
  <testcase time="0" classname="Scenario: Clearing memory" name="Given I enter \&quot;4 5 c\&quot;">
    <skipped/>
  </testcase>
  <testcase time="0.002" classname="Scenario: Clearing memory" name="When I get the result">
    <skipped/>
  </testcase>
  <testcase time="0.002" classname="Scenario: Clearing memory" name="Then the calculator returns \&quot;\&quot;">
    <skipped/>
  </testcase>
</testsuite>